Arguments: 
  /usr/local/Cellar/node/10.5.0_1/bin/node /usr/local/bin/yarn add MongoClient

PATH: 
  /usr/local/bin:/usr/bin:/bin:/usr/sbin:/sbin:/Library/TeX/texbin:/opt/X11/bin:/Applications/Wireshark.app/Contents/MacOS

Yarn version: 
  1.7.0

Node version: 
  10.5.0

Platform: 
  darwin x64

Trace: 
  Error: https://registry.yarnpkg.com/MongoClient: Not found
      at Request.params.callback [as _callback] (/usr/local/lib/node_modules/yarn/lib/cli.js:65656:18)
      at Request.self.callback (/usr/local/lib/node_modules/yarn/lib/cli.js:134675:22)
      at Request.emit (events.js:182:13)
      at Request.<anonymous> (/usr/local/lib/node_modules/yarn/lib/cli.js:135658:10)
      at Request.emit (events.js:182:13)
      at IncomingMessage.<anonymous> (/usr/local/lib/node_modules/yarn/lib/cli.js:135578:12)
      at Object.onceWrapper (events.js:273:13)
      at IncomingMessage.emit (events.js:187:15)
      at endReadableNT (_stream_readable.js:1081:12)
      at process._tickCallback (internal/process/next_tick.js:63:19)

npm manifest: 
  {
    "dependencies": {
      "express": "^4.16.4"
    },
    "name": "apitest",
    "version": "1.0.0",
    "description": "This is a simple Api Test",
    "main": "app.js",
    "devDependencies": {
      "babel-preset-env": "^1.7.0",
      "babel-register": "^6.26.0"
    },
    "scripts": {
      "test": "echo \\\"Error: no test\\\" && exit 1",
      "start": "node start.js"
    },
    "author": "Mihnea Radu",
    "license": "ISC"
  }

yarn manifest: 
  No manifest

Lockfile: 
  No lockfile
